<?xml version="1.0" encoding="UTF-8"?>
<testng-results skipped="0" failed="0" total="1" passed="1">
  <reporter-output>
  </reporter-output>
  <suite name="Default suite" duration-ms="10800" started-at="2018-11-23T14:39:11Z" finished-at="2018-11-23T14:39:22Z">
    <groups>
    </groups>
    <test name="Default test" duration-ms="10800" started-at="2018-11-23T14:39:11Z" finished-at="2018-11-23T14:39:22Z">
      <class name="ExMavenDemo.MavenDemo.AppTest">
        <test-method status="PASS" signature="verifytilte()[pri:0, instance:ExMavenDemo.MavenDemo.AppTest@de4f0d47]" name="verifytilte" duration-ms="10784" started-at="2018-11-23T20:09:11Z" finished-at="2018-11-23T20:09:22Z">
          <reporter-output>
          </reporter-output>
        </test-method> <!-- verifytilte -->
      </class> <!-- ExMavenDemo.MavenDemo.AppTest -->
    </test> <!-- Default test -->
  </suite> <!-- Default suite -->
</testng-results>
