<?xml version="1.0" encoding="UTF-8"?>
<testng-results skipped="0" failed="0" total="1" passed="1">
  <reporter-output>
  </reporter-output>
  <suite name="Suite" duration-ms="14527" started-at="2018-11-23T12:58:11Z" finished-at="2018-11-23T12:58:25Z">
    <groups>
    </groups>
    <test name="Test" duration-ms="14527" started-at="2018-11-23T12:58:11Z" finished-at="2018-11-23T12:58:25Z">
      <class name="ExMavenDemo.MavenDemo.AppTest">
        <test-method status="PASS" signature="verifytilte()[pri:0, instance:ExMavenDemo.MavenDemo.AppTest@ce9a2cd]" name="verifytilte" duration-ms="14527" started-at="2018-11-23T18:28:11Z" finished-at="2018-11-23T18:28:25Z">
          <reporter-output>
          </reporter-output>
        </test-method> <!-- verifytilte -->
      </class> <!-- ExMavenDemo.MavenDemo.AppTest -->
    </test> <!-- Test -->
  </suite> <!-- Suite -->
</testng-results>
